Arguments: 
  C:\Program Files\nodejs\node.exe C:\Users\eduardo\AppData\Roaming\npm\node_modules\yarn\bin\yarn.js add express-session

PATH: 
  C:\Program Files\PostgreSQL\16\bin\;C:\Program Files\Common Files\Oracle\Java\javapath;C:\Windows\system32;C:\Windows;C:\Windows\System32\Wbem;C:\Windows\System32\WindowsPowerShell\v1.0\;C:\Windows\System32\OpenSSH\;C:\Program Files (x86)\NVIDIA Corporation\PhysX\Common;C:\Program Files\NVIDIA Corporation\NVIDIA NvDLISR;C:\Program Files\dotnet\;C:\TDM-GCC-64\bin;%NVM_HOME%;%NVM_SYMLINK%;C:\Users\eduardo\AppData\Local\Programs\Python\Python312\Scripts\;C:\Users\eduardo\AppData\Local\Programs\Python\Python312\;C:\Users\eduardo\AppData\Local\Microsoft\WindowsApps;C:\Users\eduardo\AppData\Local\atom\bin;C:\Users\eduardo\AppData\Local\Programs\Microsoft VS Code\bin;C:\Users\eduardo\AppData\Local\GitHubDesktop\bin;C:\Users\eduardo\AppData\Roaming\npm;C:\Users\eduardo\AppData\Roaming\nvm;C:\Program Files\nodejs

Yarn version: 
  1.22.19

Node version: 
  20.18.1

Platform: 
  win32 x64

Trace: 
  Error: EPERM: operation not permitted, unlink 'C:\Users\eduardo\Documents\FACULDADE\prog2\integrador\PROG_II\backend\node_modules\bcrypt\lib\binding\napi-v3\bcrypt_lib.node'

npm manifest: 
  {
    "name": "integrador-app",
    "version": "1.0.0",
    "description": "",
    "main": "index.js",
    "type": "commonjs",
    "scripts": {
      "dev": "nodemon src/app.js",
      "test": "echo \"Error: no test specified\" && exit 1"
    },
    "keywords": [],
    "author": "",
    "license": "ISC",
    "dependencies": {
      "bcrypt": "^5.1.1",
      "bcryptjs": "^2.4.3",
      "cors": "^2.8.5",
      "express": "^4.21.1",
      "express-session": "^1.18.1",
      "ffprobe-static": "^3.1.0",
      "fluent-ffmpeg": "^2.1.3",
      "get-mp3-duration": "^1.0.0",
      "jsonwebtoken": "^9.0.2",
      "multer": "^1.4.5-lts.1",
      "music-metadata": "^10.6.4",
      "passport": "^0.7.0",
      "passport-jwt": "^4.0.1",
      "passport-local": "^1.0.0",
      "pg-promise": "^11.10.2"
    }
  }

yarn manifest: 
  No manifest

Lockfile: 
  No lockfile
